2023-02-15 16:44:37,163 DEBUG Starting new HTTPS connection (1): ineuron.ai:443
2023-02-15 16:44:37,387 DEBUG https://ineuron.ai:443 "GET /courses HTTP/1.1" 200 None
2023-02-15 16:44:37,816 INFO Course Data Scrapping Successful
2023-02-15 16:44:37,818 INFO Course title data Scrapping Successful
2023-02-15 16:44:37,819 INFO Scraping of all course data Successful
2023-02-15 16:44:37,891 INFO Connection to DB successful
2023-02-15 16:44:37,958 INFO table has created
2023-02-15 16:44:37,966 INFO Insertion successful
2023-02-15 16:44:37,971 INFO Insertion successful
2023-02-15 16:44:37,973 INFO Insertion successful
2023-02-15 16:44:37,975 INFO Insertion successful
2023-02-15 16:44:37,978 INFO Insertion successful
2023-02-15 16:44:37,979 INFO Insertion successful
2023-02-15 16:44:37,981 INFO Insertion successful
2023-02-15 16:44:37,983 INFO Insertion successful
2023-02-15 16:44:37,985 INFO Insertion successful
2023-02-15 16:44:37,987 INFO Insertion successful
2023-02-15 16:44:37,989 INFO Insertion successful
2023-02-15 16:44:37,991 INFO Insertion successful
2023-02-15 16:44:37,994 INFO Insertion successful
2023-02-15 16:44:37,996 INFO Insertion successful
2023-02-15 16:44:37,998 INFO Insertion successful
2023-02-15 16:44:38,001 INFO Insertion successful
2023-02-15 16:44:38,003 INFO Insertion successful
2023-02-15 16:44:38,005 INFO Insertion successful
2023-02-15 16:44:38,007 INFO Insertion successful
2023-02-15 16:44:38,012 INFO Insertion successful
2023-02-15 16:44:38,014 INFO Insertion successful
2023-02-15 16:44:38,017 INFO Insertion successful
2023-02-15 16:44:38,019 INFO Insertion successful
2023-02-15 16:44:38,020 INFO Insertion successful
2023-02-15 16:44:38,023 INFO Insertion successful
2023-02-15 16:44:38,026 INFO Insertion successful
2023-02-15 16:44:38,029 INFO Insertion successful
2023-02-15 16:44:38,031 INFO Insertion successful
2023-02-15 16:44:38,035 INFO Insertion successful
2023-02-15 16:44:38,039 INFO Insertion successful
2023-02-15 16:44:38,042 INFO Insertion successful
2023-02-15 16:44:38,044 INFO Insertion successful
2023-02-15 16:44:38,047 INFO Insertion successful
2023-02-15 16:44:38,054 INFO Insertion successful
2023-02-15 16:44:38,057 INFO Insertion successful
2023-02-15 16:44:38,062 INFO Insertion successful
2023-02-15 16:44:38,065 INFO Insertion successful
2023-02-15 16:44:38,068 INFO Insertion successful
2023-02-15 16:44:38,071 INFO Insertion successful
2023-02-15 16:44:38,073 INFO Insertion successful
2023-02-15 16:44:38,075 INFO Insertion successful
2023-02-15 16:44:38,077 INFO Insertion successful
2023-02-15 16:44:38,080 INFO Insertion successful
2023-02-15 16:44:38,082 INFO Insertion successful
2023-02-15 16:44:38,085 INFO Insertion successful
2023-02-15 16:44:38,087 INFO Insertion successful
2023-02-15 16:44:38,090 INFO Insertion successful
2023-02-15 16:44:38,093 INFO Insertion successful
2023-02-15 16:44:38,097 INFO Insertion successful
2023-02-15 16:44:38,100 INFO Insertion successful
2023-02-15 16:44:38,103 INFO Insertion successful
2023-02-15 16:44:38,107 INFO Insertion successful
2023-02-15 16:44:38,109 INFO Insertion successful
2023-02-15 16:44:38,113 INFO Insertion successful
2023-02-15 16:44:38,115 INFO Insertion successful
2023-02-15 16:44:38,118 INFO Insertion successful
2023-02-15 16:44:38,122 INFO Insertion successful
2023-02-15 16:44:38,124 INFO Insertion successful
2023-02-15 16:44:38,128 INFO Insertion successful
2023-02-15 16:44:38,131 INFO Insertion successful
2023-02-15 16:44:38,134 INFO Insertion successful
2023-02-15 16:44:38,138 INFO Insertion successful
2023-02-15 16:44:38,141 INFO Insertion successful
2023-02-15 16:44:38,144 INFO Insertion successful
2023-02-15 16:44:38,147 INFO Insertion successful
2023-02-15 16:44:38,150 INFO Insertion successful
2023-02-15 16:44:38,154 INFO Insertion successful
2023-02-15 16:44:38,167 INFO Insertion successful
2023-02-15 16:44:38,169 INFO Insertion successful
2023-02-15 16:44:38,172 INFO Insertion successful
2023-02-15 16:44:38,174 INFO Insertion successful
2023-02-15 16:44:38,176 INFO Insertion successful
2023-02-15 16:44:38,181 INFO Insertion successful
2023-02-15 16:44:38,189 INFO Insertion successful
2023-02-15 16:44:38,195 INFO Insertion successful
2023-02-15 16:44:38,197 INFO Insertion successful
2023-02-15 16:44:38,200 INFO Insertion successful
2023-02-15 16:44:38,202 INFO Insertion successful
2023-02-15 16:44:38,205 INFO Insertion successful
2023-02-15 16:44:38,207 INFO Insertion successful
2023-02-15 16:44:38,209 INFO Insertion successful
2023-02-15 16:44:38,211 INFO Insertion successful
2023-02-15 16:44:38,215 INFO Insertion successful
2023-02-15 16:44:38,217 INFO Insertion successful
2023-02-15 16:44:38,219 INFO Insertion successful
2023-02-15 16:44:38,221 INFO Insertion successful
2023-02-15 16:44:38,224 INFO Insertion successful
2023-02-15 16:44:38,227 INFO Insertion successful
2023-02-15 16:44:38,232 INFO Insertion successful
2023-02-15 16:44:38,248 INFO Insertion successful
2023-02-15 16:44:38,250 INFO Insertion successful
2023-02-15 16:44:38,253 INFO Insertion successful
2023-02-15 16:44:38,254 INFO Insertion successful
2023-02-15 16:44:38,258 INFO Insertion successful
2023-02-15 16:44:38,260 INFO Insertion successful
2023-02-15 16:44:38,262 INFO Insertion successful
2023-02-15 16:44:38,264 INFO Insertion successful
2023-02-15 16:44:38,266 INFO Insertion successful
2023-02-15 16:44:38,269 INFO Insertion successful
2023-02-15 16:44:38,271 INFO Insertion successful
2023-02-15 16:44:38,273 INFO Insertion successful
2023-02-15 16:44:38,276 INFO Insertion successful
2023-02-15 16:44:38,278 INFO Insertion successful
2023-02-15 16:44:38,280 INFO Insertion successful
2023-02-15 16:44:38,284 INFO Insertion successful
2023-02-15 16:44:38,287 INFO Insertion successful
2023-02-15 16:44:38,289 INFO Insertion successful
2023-02-15 16:44:38,291 INFO Insertion successful
2023-02-15 16:44:38,293 INFO Insertion successful
2023-02-15 16:44:38,296 INFO Insertion successful
2023-02-15 16:44:38,297 INFO Insertion successful
2023-02-15 16:44:38,300 INFO Insertion successful
2023-02-15 16:44:38,303 INFO Insertion successful
2023-02-15 16:44:38,305 INFO Insertion successful
2023-02-15 16:44:38,317 INFO Insertion successful
2023-02-15 16:44:38,319 INFO Insertion successful
2023-02-15 16:44:38,321 INFO Insertion successful
2023-02-15 16:44:38,324 INFO Insertion successful
2023-02-15 16:44:38,328 INFO Insertion successful
2023-02-15 16:44:38,331 INFO Insertion successful
2023-02-15 16:44:38,337 INFO Insertion successful
2023-02-15 16:44:38,340 INFO Insertion successful
2023-02-15 16:44:38,342 INFO Insertion successful
2023-02-15 16:44:38,344 INFO Insertion successful
2023-02-15 16:44:38,346 INFO Insertion successful
2023-02-15 16:44:38,348 INFO Insertion successful
2023-02-15 16:44:38,350 INFO Insertion successful
2023-02-15 16:44:38,355 INFO Insertion successful
2023-02-15 16:44:38,362 INFO Insertion successful
2023-02-15 16:44:38,364 INFO Insertion successful
2023-02-15 16:44:38,366 INFO Insertion successful
2023-02-15 16:44:38,368 INFO Insertion successful
2023-02-15 16:44:38,370 INFO Insertion successful
2023-02-15 16:44:38,372 INFO Insertion successful
2023-02-15 16:44:38,375 INFO Insertion successful
2023-02-15 16:44:38,377 INFO Insertion successful
2023-02-15 16:44:38,383 INFO Insertion successful
2023-02-15 16:44:38,386 INFO Insertion successful
2023-02-15 16:44:38,387 INFO Insertion successful
2023-02-15 16:44:38,394 INFO Insertion successful
2023-02-15 16:44:38,396 INFO Insertion successful
2023-02-15 16:44:38,401 INFO Insertion successful
2023-02-15 16:44:38,403 INFO Insertion successful
2023-02-15 16:44:38,405 INFO Insertion successful
2023-02-15 16:44:38,408 INFO Insertion successful
2023-02-15 16:44:38,410 INFO Insertion successful
2023-02-15 16:44:38,412 INFO Insertion successful
2023-02-15 16:44:38,414 INFO Insertion successful
2023-02-15 16:44:38,416 INFO Insertion successful
2023-02-15 16:44:38,419 INFO Insertion successful
2023-02-15 16:44:38,422 INFO Insertion successful
2023-02-15 16:44:38,423 INFO Insertion successful
2023-02-15 16:44:38,425 INFO Insertion successful
2023-02-15 16:44:38,428 INFO Insertion successful
2023-02-15 16:44:38,430 INFO Insertion successful
2023-02-15 16:44:38,434 INFO Insertion successful
2023-02-15 16:44:38,437 INFO Insertion successful
2023-02-15 16:44:38,439 INFO Insertion successful
2023-02-15 16:44:38,442 INFO Insertion successful
2023-02-15 16:44:38,445 INFO Insertion successful
2023-02-15 16:44:38,448 INFO Insertion successful
2023-02-15 16:44:38,451 INFO Insertion successful
2023-02-15 16:44:38,453 INFO Insertion successful
2023-02-15 16:44:38,456 INFO Insertion successful
2023-02-15 16:44:38,463 INFO Insertion successful
2023-02-15 16:44:38,466 INFO Insertion successful
2023-02-15 16:44:38,468 INFO Insertion successful
2023-02-15 16:44:38,470 INFO Insertion successful
2023-02-15 16:44:38,472 INFO Insertion successful
2023-02-15 16:44:38,473 INFO Insertion successful
2023-02-15 16:44:38,477 INFO Insertion successful
2023-02-15 16:44:38,480 INFO Insertion successful
2023-02-15 16:44:38,483 INFO Insertion successful
2023-02-15 16:44:38,485 INFO Insertion successful
2023-02-15 16:44:38,487 INFO Insertion successful
2023-02-15 16:44:38,489 INFO Insertion successful
2023-02-15 16:44:38,491 INFO Insertion successful
2023-02-15 16:44:38,494 INFO Insertion successful
2023-02-15 16:44:38,496 INFO Insertion successful
2023-02-15 16:44:38,498 INFO Insertion successful
2023-02-15 16:44:38,500 INFO Insertion successful
2023-02-15 16:44:38,502 INFO Insertion successful
2023-02-15 16:44:38,504 INFO Insertion successful
2023-02-15 16:44:38,506 INFO Insertion successful
2023-02-15 16:44:38,508 INFO Insertion successful
2023-02-15 16:44:38,510 INFO Insertion successful
2023-02-15 16:44:38,513 INFO Insertion successful
2023-02-15 16:44:38,515 INFO Insertion successful
2023-02-15 16:44:38,517 INFO Insertion successful
2023-02-15 16:44:38,521 INFO Insertion successful
2023-02-15 16:44:38,523 INFO Insertion successful
2023-02-15 16:44:38,525 INFO Insertion successful
2023-02-15 16:44:38,528 INFO Insertion successful
2023-02-15 16:44:38,530 INFO Insertion successful
2023-02-15 16:44:38,533 INFO Insertion successful
2023-02-15 16:44:38,536 INFO Insertion successful
2023-02-15 16:44:38,538 INFO Insertion successful
2023-02-15 16:44:38,540 INFO Insertion successful
2023-02-15 16:44:38,542 INFO Insertion successful
2023-02-15 16:44:38,546 INFO Insertion successful
2023-02-15 16:44:38,547 INFO Insertion successful
2023-02-15 16:44:38,550 INFO Insertion successful
2023-02-15 16:44:38,552 INFO Insertion successful
2023-02-15 16:44:38,554 INFO Insertion successful
2023-02-15 16:44:38,556 INFO Insertion successful
2023-02-15 16:44:38,560 INFO Insertion successful
2023-02-15 16:44:38,561 INFO Insertion successful
2023-02-15 16:44:38,563 INFO Insertion successful
2023-02-15 16:44:38,565 INFO Insertion successful
2023-02-15 16:44:38,568 INFO Insertion successful
2023-02-15 16:44:38,570 INFO Insertion successful
2023-02-15 16:44:38,571 INFO Insertion successful
2023-02-15 16:44:38,573 INFO Insertion successful
2023-02-15 16:44:38,575 INFO Insertion successful
2023-02-15 16:44:38,578 INFO Insertion successful
2023-02-15 16:44:38,580 INFO Insertion successful
2023-02-15 16:44:38,583 INFO Insertion successful
2023-02-15 16:44:38,584 INFO Insertion successful
2023-02-15 16:44:38,586 INFO Insertion successful
2023-02-15 16:44:38,588 INFO Insertion successful
2023-02-15 16:44:38,590 INFO Insertion successful
2023-02-15 16:44:38,593 INFO Insertion successful
2023-02-15 16:44:38,595 INFO Insertion successful
2023-02-15 16:44:38,599 INFO Insertion successful
2023-02-15 16:44:38,602 INFO Insertion successful
2023-02-15 16:44:38,604 INFO Insertion successful
2023-02-15 16:44:38,607 INFO Insertion successful
2023-02-15 16:44:38,609 INFO Insertion successful
2023-02-15 16:44:38,611 INFO Insertion successful
2023-02-15 16:44:38,613 INFO Insertion successful
2023-02-15 16:44:38,615 INFO Insertion successful
2023-02-15 16:44:38,618 INFO Insertion successful
2023-02-15 16:44:38,620 INFO Insertion successful
2023-02-15 16:44:38,623 INFO Insertion successful
2023-02-15 16:44:38,626 INFO Insertion successful
2023-02-15 16:44:38,627 INFO Insertion successful
2023-02-15 16:44:38,630 INFO Insertion successful
2023-02-15 16:44:38,633 INFO Insertion successful
2023-02-15 16:44:38,635 INFO Insertion successful
2023-02-15 16:44:38,637 INFO Insertion successful
2023-02-15 16:44:38,639 INFO Insertion successful
2023-02-15 16:44:38,643 INFO Insertion successful
2023-02-15 16:44:38,645 INFO Insertion successful
2023-02-15 16:44:38,647 INFO Insertion successful
2023-02-15 16:44:38,650 INFO Insertion successful
2023-02-15 16:44:38,653 INFO Insertion successful
2023-02-15 16:44:38,655 INFO Insertion successful
2023-02-15 16:44:38,658 INFO Insertion successful
2023-02-15 16:44:38,660 INFO Insertion successful
2023-02-15 16:44:38,662 INFO Insertion successful
2023-02-15 16:44:38,665 INFO Insertion successful
2023-02-15 16:44:38,667 INFO Insertion successful
2023-02-15 16:44:38,669 INFO Insertion successful
2023-02-15 16:44:38,672 INFO Insertion successful
2023-02-15 16:44:38,674 INFO Insertion successful
2023-02-15 16:44:38,676 INFO Insertion successful
2023-02-15 16:44:38,679 INFO Insertion successful
2023-02-15 16:44:38,682 INFO Insertion successful
2023-02-15 16:44:38,684 INFO Insertion successful
2023-02-15 16:44:38,686 INFO Insertion successful
2023-02-15 16:44:38,689 INFO Insertion successful
2023-02-15 16:44:38,692 INFO Insertion successful
2023-02-15 16:44:38,694 INFO Insertion successful
2023-02-15 16:44:38,697 INFO Insertion successful
2023-02-15 16:44:38,699 INFO Insertion successful
2023-02-15 16:44:38,701 INFO Insertion successful
2023-02-15 16:44:38,703 INFO Insertion successful
2023-02-15 16:44:38,705 INFO Insertion successful
2023-02-15 16:44:38,708 INFO Insertion successful
2023-02-15 16:44:38,711 INFO Insertion successful
2023-02-15 16:44:38,712 INFO Insertion successful
2023-02-15 16:44:38,715 INFO Insertion successful
2023-02-15 16:44:38,717 INFO Insertion successful
2023-02-15 16:44:38,719 INFO Insertion successful
2023-02-15 16:44:38,721 INFO Insertion successful
2023-02-15 16:44:38,724 INFO Insertion successful
2023-02-15 16:44:38,725 INFO Insertion successful
2023-02-15 16:44:38,728 INFO Insertion successful
2023-02-15 16:44:38,733 INFO Insertion successful
2023-02-15 16:44:38,734 INFO Insertion successful
2023-02-15 16:44:38,737 INFO Insertion successful
2023-02-15 16:44:38,739 INFO Insertion successful
2023-02-15 16:44:38,741 INFO Insertion successful
2023-02-15 16:44:38,743 INFO Insertion successful
2023-02-15 16:44:38,745 INFO Insertion successful
2023-02-15 16:44:38,748 INFO Insertion successful
2023-02-15 16:44:38,751 INFO Insertion successful
2023-02-15 16:44:38,753 INFO Insertion successful
2023-02-15 16:44:38,755 INFO Insertion successful
2023-02-15 16:44:38,758 INFO Insertion successful
2023-02-15 16:44:38,760 INFO Insertion successful
2023-02-15 16:44:38,762 INFO Insertion successful
2023-02-15 16:44:38,764 INFO Insertion successful
2023-02-15 16:44:38,766 INFO Insertion successful
2023-02-15 16:44:38,768 INFO Insertion successful
2023-02-15 16:44:38,772 INFO Insertion successful
2023-02-15 16:44:38,775 INFO Insertion successful
2023-02-15 16:44:38,778 INFO Insertion successful
2023-02-15 16:44:38,780 INFO Insertion successful
2023-02-15 16:44:38,782 INFO Insertion successful
2023-02-15 16:44:38,784 INFO Insertion successful
2023-02-15 16:44:38,788 INFO Insertion successful
2023-02-15 16:44:38,790 INFO Insertion successful
2023-02-15 16:44:38,793 INFO Insertion successful
2023-02-15 16:44:38,794 INFO Insertion successful
2023-02-15 16:44:38,797 INFO Insertion successful
2023-02-15 16:44:38,800 INFO Insertion successful
2023-02-15 16:44:38,803 INFO Insertion successful
2023-02-15 16:44:38,812 INFO Insertion successful
2023-02-15 16:44:38,817 INFO Insertion successful
2023-02-15 16:44:38,826 INFO Insertion successful
2023-02-15 16:44:38,829 INFO Insertion successful
2023-02-15 16:44:38,831 INFO Insertion successful
2023-02-15 16:44:38,835 INFO Insertion successful
2023-02-15 16:44:38,837 INFO Insertion successful
2023-02-15 16:44:38,843 INFO Insertion successful
2023-02-15 16:44:38,871 INFO Insertion successful
2023-02-15 16:44:38,873 INFO Insertion successful
2023-02-15 16:44:38,875 INFO Insertion successful
2023-02-15 16:44:38,877 INFO Insertion successful
2023-02-15 16:44:38,884 INFO Insertion successful
2023-02-15 16:44:38,886 INFO Insertion successful
2023-02-15 16:44:38,889 INFO Insertion successful
2023-02-15 16:44:38,893 INFO Insertion successful
2023-02-15 16:44:38,896 INFO Insertion successful
2023-02-15 16:44:38,898 INFO Insertion successful
2023-02-15 16:44:38,900 INFO Insertion successful
2023-02-15 16:44:38,902 INFO Insertion successful
2023-02-15 16:44:38,904 INFO Insertion successful
2023-02-15 16:44:38,907 INFO Insertion successful
